Determining if the pthread_create exist failed with the following output:
Change Dir: /root/cmu-15445-bustub/cmake-build-debug-remote-host/CMakeFiles/CMakeTmp

Run Build Command:"/usr/bin/make" "cmTC_48d4f/fast"
/usr/bin/make -f CMakeFiles/cmTC_48d4f.dir/build.make CMakeFiles/cmTC_48d4f.dir/build
make[1]: Entering directory '/root/cmu-15445-bustub/cmake-build-debug-remote-host/CMakeFiles/CMakeTmp'
Building C object CMakeFiles/cmTC_48d4f.dir/CheckSymbolExists.c.o
/usr/bin/cc    -o CMakeFiles/cmTC_48d4f.dir/CheckSymbolExists.c.o   -c /root/cmu-15445-bustub/cmake-build-debug-remote-host/CMakeFiles/CMakeTmp/CheckSymbolExists.c
Linking C executable cmTC_48d4f
/usr/bin/cmake -E cmake_link_script CMakeFiles/cmTC_48d4f.dir/link.txt --verbose=1
/usr/bin/cc      CMakeFiles/cmTC_48d4f.dir/CheckSymbolExists.c.o  -o cmTC_48d4f 
CMakeFiles/cmTC_48d4f.dir/CheckSymbolExists.c.o: In function `main':
CheckSymbolExists.c:(.text+0x1b): undefined reference to `pthread_create'
collect2: error: ld returned 1 exit status
CMakeFiles/cmTC_48d4f.dir/build.make:97: recipe for target 'cmTC_48d4f' failed
make[1]: *** [cmTC_48d4f] Error 1
make[1]: Leaving directory '/root/cmu-15445-bustub/cmake-build-debug-remote-host/CMakeFiles/CMakeTmp'
Makefile:126: recipe for target 'cmTC_48d4f/fast' failed
make: *** [cmTC_48d4f/fast] Error 2

File /root/cmu-15445-bustub/cmake-build-debug-remote-host/CMakeFiles/CMakeTmp/CheckSymbolExists.c:
/* */
#include <pthread.h>

int main(int argc, char** argv)
{
  (void)argv;
#ifndef pthread_create
  return ((int*)(&pthread_create))[argc];
#else
  (void)argc;
  return 0;
#endif
}

Determining if the function pthread_create exists in the pthreads failed with the following output:
Change Dir: /root/cmu-15445-bustub/cmake-build-debug-remote-host/CMakeFiles/CMakeTmp

Run Build Command:"/usr/bin/make" "cmTC_af8c4/fast"
/usr/bin/make -f CMakeFiles/cmTC_af8c4.dir/build.make CMakeFiles/cmTC_af8c4.dir/build
make[1]: Entering directory '/root/cmu-15445-bustub/cmake-build-debug-remote-host/CMakeFiles/CMakeTmp'
Building C object CMakeFiles/cmTC_af8c4.dir/CheckFunctionExists.c.o
/usr/bin/cc   -DCHECK_FUNCTION_EXISTS=pthread_create   -o CMakeFiles/cmTC_af8c4.dir/CheckFunctionExists.c.o   -c /usr/share/cmake-3.10/Modules/CheckFunctionExists.c
Linking C executable cmTC_af8c4
/usr/bin/cmake -E cmake_link_script CMakeFiles/cmTC_af8c4.dir/link.txt --verbose=1
/usr/bin/cc  -DCHECK_FUNCTION_EXISTS=pthread_create    CMakeFiles/cmTC_af8c4.dir/CheckFunctionExists.c.o  -o cmTC_af8c4 -lpthreads 
/usr/bin/ld: cannot find -lpthreads
collect2: error: ld returned 1 exit status
CMakeFiles/cmTC_af8c4.dir/build.make:97: recipe for target 'cmTC_af8c4' failed
make[1]: *** [cmTC_af8c4] Error 1
make[1]: Leaving directory '/root/cmu-15445-bustub/cmake-build-debug-remote-host/CMakeFiles/CMakeTmp'
Makefile:126: recipe for target 'cmTC_af8c4/fast' failed
make: *** [cmTC_af8c4/fast] Error 2


