Determining if the pthread_create exist failed with the following output:
Change Dir: /root/cmu-15445-bustub/cmake-build-release-remote-host/CMakeFiles/CMakeTmp

Run Build Command:"/usr/bin/make" "cmTC_26411/fast"
/usr/bin/make -f CMakeFiles/cmTC_26411.dir/build.make CMakeFiles/cmTC_26411.dir/build
make[1]: Entering directory '/root/cmu-15445-bustub/cmake-build-release-remote-host/CMakeFiles/CMakeTmp'
Building C object CMakeFiles/cmTC_26411.dir/CheckSymbolExists.c.o
/usr/bin/cc    -o CMakeFiles/cmTC_26411.dir/CheckSymbolExists.c.o   -c /root/cmu-15445-bustub/cmake-build-release-remote-host/CMakeFiles/CMakeTmp/CheckSymbolExists.c
Linking C executable cmTC_26411
/usr/bin/cmake -E cmake_link_script CMakeFiles/cmTC_26411.dir/link.txt --verbose=1
/usr/bin/cc      CMakeFiles/cmTC_26411.dir/CheckSymbolExists.c.o  -o cmTC_26411 
CMakeFiles/cmTC_26411.dir/CheckSymbolExists.c.o: In function `main':
CheckSymbolExists.c:(.text+0x1b): undefined reference to `pthread_create'
collect2: error: ld returned 1 exit status
CMakeFiles/cmTC_26411.dir/build.make:97: recipe for target 'cmTC_26411' failed
make[1]: *** [cmTC_26411] Error 1
make[1]: Leaving directory '/root/cmu-15445-bustub/cmake-build-release-remote-host/CMakeFiles/CMakeTmp'
Makefile:126: recipe for target 'cmTC_26411/fast' failed
make: *** [cmTC_26411/fast] Error 2

File /root/cmu-15445-bustub/cmake-build-release-remote-host/CMakeFiles/CMakeTmp/CheckSymbolExists.c:
/* */
#include <pthread.h>

int main(int argc, char** argv)
{
  (void)argv;
#ifndef pthread_create
  return ((int*)(&pthread_create))[argc];
#else
  (void)argc;
  return 0;
#endif
}

Determining if the function pthread_create exists in the pthreads failed with the following output:
Change Dir: /root/cmu-15445-bustub/cmake-build-release-remote-host/CMakeFiles/CMakeTmp

Run Build Command:"/usr/bin/make" "cmTC_a5093/fast"
/usr/bin/make -f CMakeFiles/cmTC_a5093.dir/build.make CMakeFiles/cmTC_a5093.dir/build
make[1]: Entering directory '/root/cmu-15445-bustub/cmake-build-release-remote-host/CMakeFiles/CMakeTmp'
Building C object CMakeFiles/cmTC_a5093.dir/CheckFunctionExists.c.o
/usr/bin/cc   -DCHECK_FUNCTION_EXISTS=pthread_create   -o CMakeFiles/cmTC_a5093.dir/CheckFunctionExists.c.o   -c /usr/share/cmake-3.10/Modules/CheckFunctionExists.c
Linking C executable cmTC_a5093
/usr/bin/cmake -E cmake_link_script CMakeFiles/cmTC_a5093.dir/link.txt --verbose=1
/usr/bin/cc  -DCHECK_FUNCTION_EXISTS=pthread_create    CMakeFiles/cmTC_a5093.dir/CheckFunctionExists.c.o  -o cmTC_a5093 -lpthreads 
/usr/bin/ld: cannot find -lpthreads
collect2: error: ld returned 1 exit status
CMakeFiles/cmTC_a5093.dir/build.make:97: recipe for target 'cmTC_a5093' failed
make[1]: *** [cmTC_a5093] Error 1
make[1]: Leaving directory '/root/cmu-15445-bustub/cmake-build-release-remote-host/CMakeFiles/CMakeTmp'
Makefile:126: recipe for target 'cmTC_a5093/fast' failed
make: *** [cmTC_a5093/fast] Error 2


